2025-12-05 18:04:57,741 - __main__ - INFO - Starting OBD2 Data Visualization Tool
2025-12-05 18:04:57,792 - obd2_viewer.app.main_application - INFO - Starting OBD2 Viewer Application on http://localhost:8052
2025-12-05 18:04:57,793 - dash.dash - INFO - Dash is running on http://127.0.0.1:8052/

2025-12-05 18:05:00,609 - __main__ - INFO - Starting OBD2 Data Visualization Tool
2025-12-05 18:05:00,658 - obd2_viewer.app.main_application - INFO - Starting OBD2 Viewer Application on http://localhost:8052
2025-12-05 18:05:12,748 - __main__ - INFO - Starting OBD2 Data Visualization Tool
2025-12-05 18:05:12,795 - obd2_viewer.app.main_application - INFO - Starting OBD2 Viewer Application on http://localhost:8052
2025-12-05 18:05:12,802 - dash.dash - INFO - Dash is running on http://127.0.0.1:8052/

2025-12-05 18:05:15,532 - __main__ - INFO - Starting OBD2 Data Visualization Tool
2025-12-05 18:05:15,579 - obd2_viewer.app.main_application - INFO - Starting OBD2 Viewer Application on http://localhost:8052
2025-12-05 18:05:40,396 - obd2_viewer.app.main_application - INFO - Saved file: C:\Users\skwis\AppData\Local\Temp\tmpe1sq00ak\nov_4_test_data.csv
2025-12-05 18:05:40,397 - obd2_viewer.core.data_loader - INFO - Found 1 CSV files in C:\Users\skwis\AppData\Local\Temp\tmpe1sq00ak
2025-12-05 18:05:40,398 - obd2_viewer.core.multi_channel_parser - INFO - Parsing multi-channel CSV: nov_4_test_data.csv (0.8MB)
2025-12-05 18:05:40,431 - obd2_viewer.core.multi_channel_parser - INFO - Processing multi-channel data with 29 channels
2025-12-05 18:05:40,579 - obd2_viewer.core.multi_channel_parser - INFO - Successfully parsed 29 channels
2025-12-05 18:05:40,580 - obd2_viewer.core.data_loader - INFO - Successfully loaded nov_4_test_data.csv with 29 channels
2025-12-05 18:05:40,653 - obd2_viewer.app.main_application - INFO - Created dashboard with 29 channels from C:\Users\skwis\AppData\Local\Temp\tmpe1sq00ak
2025-12-05 18:31:30,250 - __main__ - INFO - Starting OBD2 Data Visualization Tool
2025-12-05 18:31:30,250 - __main__ - INFO - Starting OBD2 Data Visualization Tool
2025-12-05 18:31:30,300 - obd2_viewer.app.main_application - INFO - Starting OBD2 Viewer Application on http://localhost:8052
2025-12-05 18:31:30,302 - obd2_viewer.app.main_application - INFO - Starting OBD2 Viewer Application on http://localhost:8052
2025-12-05 18:36:50,787 - __main__ - INFO - Starting OBD2 Data Visualization Tool
2025-12-05 18:36:50,787 - __main__ - INFO - Starting OBD2 Data Visualization Tool
2025-12-05 18:36:50,833 - obd2_viewer.app.main_application - INFO - Starting OBD2 Viewer Application on http://localhost:8052
2025-12-05 18:36:50,833 - obd2_viewer.app.main_application - INFO - Starting OBD2 Viewer Application on http://localhost:8052
2025-12-05 18:36:59,203 - __main__ - INFO - Starting OBD2 Data Visualization Tool
2025-12-05 18:36:59,203 - __main__ - INFO - Starting OBD2 Data Visualization Tool
2025-12-05 18:36:59,258 - obd2_viewer.app.main_application - INFO - Starting OBD2 Viewer Application on http://localhost:8052
2025-12-05 18:36:59,259 - obd2_viewer.app.main_application - INFO - Starting OBD2 Viewer Application on http://localhost:8052
2025-12-05 18:40:08,149 - __main__ - INFO - Starting OBD2 Data Visualization Tool
2025-12-05 18:40:08,201 - __main__ - INFO - Starting OBD2 Data Visualization Tool
2025-12-05 18:40:08,218 - obd2_viewer.database.connection - INFO - Created database engine for localhost:5432/obd2_data
2025-12-05 18:40:08,258 - obd2_viewer.database.connection - INFO - Database connection test successful
2025-12-05 18:40:08,260 - obd2_viewer.app.main_application - INFO - Starting OBD2 Viewer Application on http://localhost:8052
2025-12-05 18:40:08,273 - obd2_viewer.database.connection - INFO - Created database engine for localhost:5432/obd2_data
2025-12-05 18:40:08,312 - obd2_viewer.database.connection - INFO - Database connection test successful
2025-12-05 18:40:08,315 - obd2_viewer.app.main_application - INFO - Starting OBD2 Viewer Application on http://localhost:8052
2025-12-05 18:49:34,438 - __main__ - INFO - Starting OBD2 Data Visualization Tool
2025-12-05 18:49:34,507 - obd2_viewer.database.connection - INFO - Created database engine for localhost:5432/obd2_data
2025-12-05 18:49:34,551 - obd2_viewer.database.connection - INFO - Database connection test successful
2025-12-05 18:49:34,554 - obd2_viewer.app.main_application - INFO - Starting OBD2 Viewer Application on http://localhost:8052
2025-12-05 18:49:34,556 - dash.dash - INFO - Dash is running on http://127.0.0.1:8052/

2025-12-05 18:49:38,349 - __main__ - INFO - Starting OBD2 Data Visualization Tool
2025-12-05 18:49:38,423 - obd2_viewer.database.connection - INFO - Created database engine for localhost:5432/obd2_data
2025-12-05 18:49:38,471 - obd2_viewer.database.connection - INFO - Database connection test successful
2025-12-05 18:49:38,474 - obd2_viewer.app.main_application - INFO - Starting OBD2 Viewer Application on http://localhost:8052
2025-12-05 18:49:56,756 - obd2_viewer.app.main_application - INFO - Loaded import 'Unnamed Import' with 29 channels
2025-12-05 18:50:47,349 - obd2_viewer.database.repository - INFO - Deleted import b8e955f8-4e1a-4e64-b141-21242aedfb05
2025-12-05 18:50:47,404 - obd2_viewer.app.main_application - INFO - Deleted import b8e955f8-4e1a-4e64-b141-21242aedfb05
2025-12-05 18:51:05,568 - obd2_viewer.app.main_application - INFO - Saved file: C:\Users\skwis\AppData\Local\Temp\tmp3cdfcnzr\nov_4_test_data.csv
2025-12-05 18:51:05,569 - obd2_viewer.core.data_loader - INFO - Found 1 CSV files in C:\Users\skwis\AppData\Local\Temp\tmp3cdfcnzr
2025-12-05 18:51:05,569 - obd2_viewer.core.multi_channel_parser - INFO - Parsing multi-channel CSV: nov_4_test_data.csv (0.8MB)
2025-12-05 18:51:05,603 - obd2_viewer.core.multi_channel_parser - INFO - Processing multi-channel data with 29 channels
2025-12-05 18:51:05,769 - obd2_viewer.core.multi_channel_parser - INFO - Successfully parsed 29 channels
2025-12-05 18:51:05,770 - obd2_viewer.core.data_loader - INFO - Successfully loaded nov_4_test_data.csv with 29 channels
2025-12-05 18:51:21,210 - obd2_viewer.database.repository - INFO - Created import 'Nov 4 gurdwara' with 29 channels
2025-12-05 18:51:23,527 - obd2_viewer.app.main_application - INFO - Saved import to database: 57ef1ac9-3f4e-4481-9e4c-82809537153a
2025-12-05 18:51:23,565 - obd2_viewer.app.main_application - INFO - Created dashboard with 29 channels from C:\Users\skwis\AppData\Local\Temp\tmp3cdfcnzr
